2026-01-23 02:31:15 [scrapy.utils.log] INFO: Scrapy 2.13.3 started (bot: steam)
2026-01-23 02:31:15 [scrapy.utils.log] INFO: Versions:
{'lxml': '5.3.0',
 'libxml2': '2.13.9',
 'cssselect': '1.2.0',
 'parsel': '1.10.0',
 'w3lib': '2.1.2',
 'Twisted': '24.11.0',
 'Python': '3.9.25 (main, Nov  3 2025, 22:44:01) [MSC v.1929 64 bit (AMD64)]',
 'pyOpenSSL': '25.0.0 (OpenSSL 3.0.18 30 Sep 2025)',
 'cryptography': '44.0.1',
 'Platform': 'Windows-10-10.0.26100-SP0'}
2026-01-23 02:31:15 [scrapy.addons] INFO: Enabled addons:
[]
2026-01-23 02:31:15 [scrapy.extensions.telnet] INFO: Telnet Password: 5cabc68ea90717cf
2026-01-23 02:31:15 [scrapy.middleware] INFO: Enabled extensions:
['scrapy.extensions.corestats.CoreStats',
 'scrapy.extensions.telnet.TelnetConsole',
 'scrapy.extensions.feedexport.FeedExporter',
 'scrapy.extensions.logstats.LogStats',
 'scrapy.extensions.spiderstate.SpiderState',
 'scrapy.extensions.throttle.AutoThrottle']
2026-01-23 02:31:15 [scrapy.crawler] INFO: Overridden settings:
{'AUTOTHROTTLE_ENABLED': True,
 'BOT_NAME': 'steam',
 'DUPEFILTER_CLASS': 'steam.middlewares.SteamDupeFilter',
 'FEED_EXPORT_ENCODING': 'utf-8',
 'HTTPCACHE_ENABLED': 'False',
 'HTTPCACHE_IGNORE_HTTP_CODES': [301, 302, 303, 306, 307, 308],
 'HTTPCACHE_STORAGE': 'steam.middlewares.SteamCacheStorage',
 'JOBDIR': 'output/products_all_job',
 'LOG_FILE': 'output/products_all.log',
 'LOG_LEVEL': 'INFO',
 'NEWSPIDER_MODULE': 'steam.spiders',
 'ROBOTSTXT_OBEY': True,
 'SPIDER_MODULES': ['steam.spiders'],
 'USER_AGENT': 'Steam Scraper'}
2026-01-23 02:31:15 [twisted] CRITICAL: Unhandled error in Deferred:
2026-01-23 02:31:15 [twisted] CRITICAL: 
Traceback (most recent call last):
  File "C:\Users\74441\.conda\envs\steam-scraper\lib\site-packages\twisted\internet\defer.py", line 2017, in _inlineCallbacks
    result = context.run(gen.send, result)
  File "C:\Users\74441\.conda\envs\steam-scraper\lib\site-packages\scrapy\crawler.py", line 156, in crawl
    self.engine = self._create_engine()
  File "C:\Users\74441\.conda\envs\steam-scraper\lib\site-packages\scrapy\crawler.py", line 169, in _create_engine
    return ExecutionEngine(self, lambda _: self.stop())
  File "C:\Users\74441\.conda\envs\steam-scraper\lib\site-packages\scrapy\core\engine.py", line 113, in __init__
    self.downloader: Downloader = downloader_cls(crawler)
  File "C:\Users\74441\.conda\envs\steam-scraper\lib\site-packages\scrapy\core\downloader\__init__.py", line 109, in __init__
    DownloaderMiddlewareManager.from_crawler(crawler)
  File "C:\Users\74441\.conda\envs\steam-scraper\lib\site-packages\scrapy\middleware.py", line 77, in from_crawler
    return cls._from_settings(crawler.settings, crawler)
  File "C:\Users\74441\.conda\envs\steam-scraper\lib\site-packages\scrapy\middleware.py", line 86, in _from_settings
    mwcls = load_object(clspath)
  File "C:\Users\74441\.conda\envs\steam-scraper\lib\site-packages\scrapy\utils\misc.py", line 71, in load_object
    mod = import_module(module)
  File "C:\Users\74441\.conda\envs\steam-scraper\lib\importlib\__init__.py", line 127, in import_module
    return _bootstrap._gcd_import(name[level:], package, level)
  File "<frozen importlib._bootstrap>", line 1030, in _gcd_import
  File "<frozen importlib._bootstrap>", line 1007, in _find_and_load
  File "<frozen importlib._bootstrap>", line 986, in _find_and_load_unlocked
  File "<frozen importlib._bootstrap>", line 680, in _load_unlocked
  File "<frozen importlib._bootstrap_external>", line 850, in exec_module
  File "<frozen importlib._bootstrap>", line 228, in _call_with_frames_removed
  File "D:\Tools\steam-scraper\steam\middlewares.py", line 10, in <module>
    from scrapy.utils.request import request_fingerprint
ImportError: cannot import name 'request_fingerprint' from 'scrapy.utils.request' (C:\Users\74441\.conda\envs\steam-scraper\lib\site-packages\scrapy\utils\request.py)
2026-01-23 02:33:48 [scrapy.utils.log] INFO: Scrapy 2.13.3 started (bot: steam)
2026-01-23 02:33:48 [scrapy.utils.log] INFO: Versions:
{'lxml': '5.3.0',
 'libxml2': '2.13.9',
 'cssselect': '1.2.0',
 'parsel': '1.10.0',
 'w3lib': '2.1.2',
 'Twisted': '24.11.0',
 'Python': '3.9.25 (main, Nov  3 2025, 22:44:01) [MSC v.1929 64 bit (AMD64)]',
 'pyOpenSSL': '25.0.0 (OpenSSL 3.0.18 30 Sep 2025)',
 'cryptography': '44.0.1',
 'Platform': 'Windows-10-10.0.26100-SP0'}
2026-01-23 02:33:48 [scrapy.addons] INFO: Enabled addons:
[]
2026-01-23 02:33:48 [scrapy.extensions.telnet] INFO: Telnet Password: 101dd88d8037eadd
2026-01-23 02:33:48 [scrapy.middleware] INFO: Enabled extensions:
['scrapy.extensions.corestats.CoreStats',
 'scrapy.extensions.telnet.TelnetConsole',
 'scrapy.extensions.feedexport.FeedExporter',
 'scrapy.extensions.logstats.LogStats',
 'scrapy.extensions.spiderstate.SpiderState',
 'scrapy.extensions.throttle.AutoThrottle']
2026-01-23 02:33:48 [scrapy.crawler] INFO: Overridden settings:
{'AUTOTHROTTLE_ENABLED': True,
 'BOT_NAME': 'steam',
 'DUPEFILTER_CLASS': 'steam.middlewares.SteamDupeFilter',
 'FEED_EXPORT_ENCODING': 'utf-8',
 'HTTPCACHE_ENABLED': 'False',
 'HTTPCACHE_IGNORE_HTTP_CODES': [301, 302, 303, 306, 307, 308],
 'HTTPCACHE_STORAGE': 'steam.middlewares.SteamCacheStorage',
 'JOBDIR': 'output/products_all_job',
 'LOG_FILE': 'output/products_all.log',
 'LOG_LEVEL': 'INFO',
 'NEWSPIDER_MODULE': 'steam.spiders',
 'ROBOTSTXT_OBEY': True,
 'SPIDER_MODULES': ['steam.spiders'],
 'USER_AGENT': 'Steam Scraper'}
2026-01-23 02:33:48 [scrapy.middleware] INFO: Enabled downloader middlewares:
['scrapy.downloadermiddlewares.offsite.OffsiteMiddleware',
 'scrapy.downloadermiddlewares.robotstxt.RobotsTxtMiddleware',
 'scrapy.downloadermiddlewares.httpauth.HttpAuthMiddleware',
 'scrapy.downloadermiddlewares.downloadtimeout.DownloadTimeoutMiddleware',
 'scrapy.downloadermiddlewares.defaultheaders.DefaultHeadersMiddleware',
 'scrapy.downloadermiddlewares.useragent.UserAgentMiddleware',
 'scrapy.downloadermiddlewares.retry.RetryMiddleware',
 'scrapy.downloadermiddlewares.redirect.MetaRefreshMiddleware',
 'scrapy.downloadermiddlewares.httpcompression.HttpCompressionMiddleware',
 'steam.middlewares.CircumventAgeCheckMiddleware',
 'scrapy.downloadermiddlewares.cookies.CookiesMiddleware',
 'scrapy.downloadermiddlewares.httpproxy.HttpProxyMiddleware',
 'scrapy.downloadermiddlewares.stats.DownloaderStats']
2026-01-23 02:33:48 [scrapy.middleware] INFO: Enabled spider middlewares:
['scrapy.spidermiddlewares.start.StartSpiderMiddleware',
 'scrapy.spidermiddlewares.httperror.HttpErrorMiddleware',
 'scrapy.spidermiddlewares.referer.RefererMiddleware',
 'scrapy.spidermiddlewares.urllength.UrlLengthMiddleware',
 'scrapy.spidermiddlewares.depth.DepthMiddleware']
2026-01-23 02:33:48 [scrapy.middleware] INFO: Enabled item pipelines:
[]
2026-01-23 02:33:48 [scrapy.core.engine] INFO: Spider opened
2026-01-23 02:33:48 [py.warnings] WARNING: C:\Users\74441\.conda\envs\steam-scraper\lib\site-packages\scrapy\core\spidermw.py:433: ScrapyDeprecationWarning: steam.spiders.product_spider.ProductSpider defines the deprecated start_requests() method. start_requests() has been deprecated in favor of a new method, start(), to support asynchronous code execution. start_requests() will stop being called in a future version of Scrapy. If you use Scrapy 2.13 or higher only, replace start_requests() with start(); note that start() is a coroutine (async def). If you need to maintain compatibility with lower Scrapy versions, when overriding start_requests() in a spider class, override start() as well; you can use super() to reuse the inherited start() implementation without copy-pasting. See the release notes of Scrapy 2.13 for details: https://docs.scrapy.org/en/2.13/news.html
  warn(

2026-01-23 02:33:48 [scrapy.extensions.logstats] INFO: Crawled 0 pages (at 0 pages/min), scraped 0 items (at 0 items/min)
2026-01-23 02:33:48 [scrapy.extensions.telnet] INFO: Telnet console listening on 127.0.0.1:6023
2026-01-23 02:33:48 [py.warnings] WARNING: D:\Tools\steam-scraper\steam\spiders\product_spider.py:134: ScrapyDeprecationWarning: The Spider.start_requests() method is deprecated, use Spider.start() instead. If you are calling super().start_requests() from a Spider.start() override, iterate super().start() instead.
  yield from super().start_requests()

2026-01-23 02:34:48 [scrapy.extensions.logstats] INFO: Crawled 59 pages (at 59 pages/min), scraped 42 items (at 42 items/min)
2026-01-23 02:35:48 [scrapy.extensions.logstats] INFO: Crawled 132 pages (at 73 pages/min), scraped 94 items (at 52 items/min)
2026-01-23 02:36:48 [scrapy.extensions.logstats] INFO: Crawled 206 pages (at 74 pages/min), scraped 146 items (at 52 items/min)
2026-01-23 02:37:41 [scrapy.core.scraper] ERROR: Spider error processing <GET https://store.steampowered.com/agecheck/app/1996830/?snr=1_7_7_230_150_3617> (referer: https://store.steampowered.com/search/?sort_by=Released_DESC&sort_order=DESC&supportedlang=english&page=3617)
Traceback (most recent call last):
  File "C:\Users\74441\.conda\envs\steam-scraper\lib\site-packages\scrapy\utils\defer.py", line 362, in aiter_errback
    yield await it.__anext__()
  File "C:\Users\74441\.conda\envs\steam-scraper\lib\site-packages\scrapy\utils\python.py", line 395, in __anext__
    return await self.data.__anext__()
  File "C:\Users\74441\.conda\envs\steam-scraper\lib\site-packages\scrapy\utils\python.py", line 376, in _async_chain
    async for o in as_async_generator(it):
  File "C:\Users\74441\.conda\envs\steam-scraper\lib\site-packages\scrapy\utils\asyncgen.py", line 18, in as_async_generator
    async for r in it:
  File "C:\Users\74441\.conda\envs\steam-scraper\lib\site-packages\scrapy\utils\python.py", line 395, in __anext__
    return await self.data.__anext__()
  File "C:\Users\74441\.conda\envs\steam-scraper\lib\site-packages\scrapy\utils\python.py", line 376, in _async_chain
    async for o in as_async_generator(it):
  File "C:\Users\74441\.conda\envs\steam-scraper\lib\site-packages\scrapy\utils\asyncgen.py", line 18, in as_async_generator
    async for r in it:
  File "C:\Users\74441\.conda\envs\steam-scraper\lib\site-packages\scrapy\core\spidermw.py", line 182, in process_async
    async for r in iterable:
  File "C:\Users\74441\.conda\envs\steam-scraper\lib\site-packages\scrapy\spidermiddlewares\base.py", line 65, in process_spider_output_async
    async for o in result:
  File "C:\Users\74441\.conda\envs\steam-scraper\lib\site-packages\scrapy\core\spidermw.py", line 182, in process_async
    async for r in iterable:
  File "C:\Users\74441\.conda\envs\steam-scraper\lib\site-packages\scrapy\spidermiddlewares\base.py", line 65, in process_spider_output_async
    async for o in result:
  File "C:\Users\74441\.conda\envs\steam-scraper\lib\site-packages\scrapy\core\spidermw.py", line 182, in process_async
    async for r in iterable:
  File "C:\Users\74441\.conda\envs\steam-scraper\lib\site-packages\scrapy\spidermiddlewares\base.py", line 65, in process_spider_output_async
    async for o in result:
  File "C:\Users\74441\.conda\envs\steam-scraper\lib\site-packages\scrapy\core\spidermw.py", line 182, in process_async
    async for r in iterable:
  File "C:\Users\74441\.conda\envs\steam-scraper\lib\site-packages\scrapy\spidermiddlewares\depth.py", line 65, in process_spider_output_async
    async for o in super().process_spider_output_async(response, result, spider):
  File "C:\Users\74441\.conda\envs\steam-scraper\lib\site-packages\scrapy\spidermiddlewares\base.py", line 65, in process_spider_output_async
    async for o in result:
  File "C:\Users\74441\.conda\envs\steam-scraper\lib\site-packages\scrapy\core\spidermw.py", line 182, in process_async
    async for r in iterable:
  File "C:\Users\74441\.conda\envs\steam-scraper\lib\site-packages\scrapy\spiders\crawl.py", line 167, in _parse_response
    for request_or_item in iterate_spider_output(cb_res):
  File "D:\Tools\steam-scraper\steam\spiders\product_spider.py", line 161, in parse_product
    yield FormRequest(
  File "C:\Users\74441\.conda\envs\steam-scraper\lib\site-packages\scrapy\http\request\form.py", line 47, in __init__
    super().__init__(*args, **kwargs)
  File "C:\Users\74441\.conda\envs\steam-scraper\lib\site-packages\scrapy\http\request\__init__.py", line 129, in __init__
    self._set_url(url)
  File "C:\Users\74441\.conda\envs\steam-scraper\lib\site-packages\scrapy\http\request\__init__.py", line 229, in _set_url
    raise TypeError(f"Request url must be str, got {type(url).__name__}")
TypeError: Request url must be str, got NoneType
2026-01-23 02:37:48 [scrapy.extensions.logstats] INFO: Crawled 276 pages (at 70 pages/min), scraped 195 items (at 49 items/min)
2026-01-23 02:38:48 [scrapy.extensions.logstats] INFO: Crawled 351 pages (at 75 pages/min), scraped 249 items (at 54 items/min)
2026-01-23 02:39:48 [scrapy.extensions.logstats] INFO: Crawled 424 pages (at 73 pages/min), scraped 304 items (at 55 items/min)
2026-01-23 02:40:48 [scrapy.extensions.logstats] INFO: Crawled 502 pages (at 78 pages/min), scraped 359 items (at 55 items/min)
2026-01-23 02:41:48 [scrapy.extensions.logstats] INFO: Crawled 581 pages (at 79 pages/min), scraped 421 items (at 62 items/min)
2026-01-23 02:42:06 [scrapy.core.scraper] ERROR: Spider error processing <GET https://store.steampowered.com/agecheck/app/1897050/?snr=1_7_7_230_150_3577> (referer: https://store.steampowered.com/search/?sort_by=Released_DESC&sort_order=DESC&supportedlang=english&page=3577)
Traceback (most recent call last):
  File "C:\Users\74441\.conda\envs\steam-scraper\lib\site-packages\scrapy\utils\defer.py", line 362, in aiter_errback
    yield await it.__anext__()
  File "C:\Users\74441\.conda\envs\steam-scraper\lib\site-packages\scrapy\utils\python.py", line 395, in __anext__
    return await self.data.__anext__()
  File "C:\Users\74441\.conda\envs\steam-scraper\lib\site-packages\scrapy\utils\python.py", line 376, in _async_chain
    async for o in as_async_generator(it):
  File "C:\Users\74441\.conda\envs\steam-scraper\lib\site-packages\scrapy\utils\asyncgen.py", line 18, in as_async_generator
    async for r in it:
  File "C:\Users\74441\.conda\envs\steam-scraper\lib\site-packages\scrapy\utils\python.py", line 395, in __anext__
    return await self.data.__anext__()
  File "C:\Users\74441\.conda\envs\steam-scraper\lib\site-packages\scrapy\utils\python.py", line 376, in _async_chain
    async for o in as_async_generator(it):
  File "C:\Users\74441\.conda\envs\steam-scraper\lib\site-packages\scrapy\utils\asyncgen.py", line 18, in as_async_generator
    async for r in it:
  File "C:\Users\74441\.conda\envs\steam-scraper\lib\site-packages\scrapy\core\spidermw.py", line 182, in process_async
    async for r in iterable:
  File "C:\Users\74441\.conda\envs\steam-scraper\lib\site-packages\scrapy\spidermiddlewares\base.py", line 65, in process_spider_output_async
    async for o in result:
  File "C:\Users\74441\.conda\envs\steam-scraper\lib\site-packages\scrapy\core\spidermw.py", line 182, in process_async
    async for r in iterable:
  File "C:\Users\74441\.conda\envs\steam-scraper\lib\site-packages\scrapy\spidermiddlewares\base.py", line 65, in process_spider_output_async
    async for o in result:
  File "C:\Users\74441\.conda\envs\steam-scraper\lib\site-packages\scrapy\core\spidermw.py", line 182, in process_async
    async for r in iterable:
  File "C:\Users\74441\.conda\envs\steam-scraper\lib\site-packages\scrapy\spidermiddlewares\base.py", line 65, in process_spider_output_async
    async for o in result:
  File "C:\Users\74441\.conda\envs\steam-scraper\lib\site-packages\scrapy\core\spidermw.py", line 182, in process_async
    async for r in iterable:
  File "C:\Users\74441\.conda\envs\steam-scraper\lib\site-packages\scrapy\spidermiddlewares\depth.py", line 65, in process_spider_output_async
    async for o in super().process_spider_output_async(response, result, spider):
  File "C:\Users\74441\.conda\envs\steam-scraper\lib\site-packages\scrapy\spidermiddlewares\base.py", line 65, in process_spider_output_async
    async for o in result:
  File "C:\Users\74441\.conda\envs\steam-scraper\lib\site-packages\scrapy\core\spidermw.py", line 182, in process_async
    async for r in iterable:
  File "C:\Users\74441\.conda\envs\steam-scraper\lib\site-packages\scrapy\spiders\crawl.py", line 167, in _parse_response
    for request_or_item in iterate_spider_output(cb_res):
  File "D:\Tools\steam-scraper\steam\spiders\product_spider.py", line 161, in parse_product
    yield FormRequest(
  File "C:\Users\74441\.conda\envs\steam-scraper\lib\site-packages\scrapy\http\request\form.py", line 47, in __init__
    super().__init__(*args, **kwargs)
  File "C:\Users\74441\.conda\envs\steam-scraper\lib\site-packages\scrapy\http\request\__init__.py", line 129, in __init__
    self._set_url(url)
  File "C:\Users\74441\.conda\envs\steam-scraper\lib\site-packages\scrapy\http\request\__init__.py", line 229, in _set_url
    raise TypeError(f"Request url must be str, got {type(url).__name__}")
TypeError: Request url must be str, got NoneType
2026-01-23 02:42:21 [scrapy.core.scraper] ERROR: Spider error processing <GET https://store.steampowered.com/agecheck/app/2058180/?snr=1_7_7_230_150_3576> (referer: https://store.steampowered.com/search/?sort_by=Released_DESC&sort_order=DESC&supportedlang=english&page=3576)
Traceback (most recent call last):
  File "C:\Users\74441\.conda\envs\steam-scraper\lib\site-packages\scrapy\utils\defer.py", line 362, in aiter_errback
    yield await it.__anext__()
  File "C:\Users\74441\.conda\envs\steam-scraper\lib\site-packages\scrapy\utils\python.py", line 395, in __anext__
    return await self.data.__anext__()
  File "C:\Users\74441\.conda\envs\steam-scraper\lib\site-packages\scrapy\utils\python.py", line 376, in _async_chain
    async for o in as_async_generator(it):
  File "C:\Users\74441\.conda\envs\steam-scraper\lib\site-packages\scrapy\utils\asyncgen.py", line 18, in as_async_generator
    async for r in it:
  File "C:\Users\74441\.conda\envs\steam-scraper\lib\site-packages\scrapy\utils\python.py", line 395, in __anext__
    return await self.data.__anext__()
  File "C:\Users\74441\.conda\envs\steam-scraper\lib\site-packages\scrapy\utils\python.py", line 376, in _async_chain
    async for o in as_async_generator(it):
  File "C:\Users\74441\.conda\envs\steam-scraper\lib\site-packages\scrapy\utils\asyncgen.py", line 18, in as_async_generator
    async for r in it:
  File "C:\Users\74441\.conda\envs\steam-scraper\lib\site-packages\scrapy\core\spidermw.py", line 182, in process_async
    async for r in iterable:
  File "C:\Users\74441\.conda\envs\steam-scraper\lib\site-packages\scrapy\spidermiddlewares\base.py", line 65, in process_spider_output_async
    async for o in result:
  File "C:\Users\74441\.conda\envs\steam-scraper\lib\site-packages\scrapy\core\spidermw.py", line 182, in process_async
    async for r in iterable:
  File "C:\Users\74441\.conda\envs\steam-scraper\lib\site-packages\scrapy\spidermiddlewares\base.py", line 65, in process_spider_output_async
    async for o in result:
  File "C:\Users\74441\.conda\envs\steam-scraper\lib\site-packages\scrapy\core\spidermw.py", line 182, in process_async
    async for r in iterable:
  File "C:\Users\74441\.conda\envs\steam-scraper\lib\site-packages\scrapy\spidermiddlewares\base.py", line 65, in process_spider_output_async
    async for o in result:
  File "C:\Users\74441\.conda\envs\steam-scraper\lib\site-packages\scrapy\core\spidermw.py", line 182, in process_async
    async for r in iterable:
  File "C:\Users\74441\.conda\envs\steam-scraper\lib\site-packages\scrapy\spidermiddlewares\depth.py", line 65, in process_spider_output_async
    async for o in super().process_spider_output_async(response, result, spider):
  File "C:\Users\74441\.conda\envs\steam-scraper\lib\site-packages\scrapy\spidermiddlewares\base.py", line 65, in process_spider_output_async
    async for o in result:
  File "C:\Users\74441\.conda\envs\steam-scraper\lib\site-packages\scrapy\core\spidermw.py", line 182, in process_async
    async for r in iterable:
  File "C:\Users\74441\.conda\envs\steam-scraper\lib\site-packages\scrapy\spiders\crawl.py", line 167, in _parse_response
    for request_or_item in iterate_spider_output(cb_res):
  File "D:\Tools\steam-scraper\steam\spiders\product_spider.py", line 161, in parse_product
    yield FormRequest(
  File "C:\Users\74441\.conda\envs\steam-scraper\lib\site-packages\scrapy\http\request\form.py", line 47, in __init__
    super().__init__(*args, **kwargs)
  File "C:\Users\74441\.conda\envs\steam-scraper\lib\site-packages\scrapy\http\request\__init__.py", line 129, in __init__
    self._set_url(url)
  File "C:\Users\74441\.conda\envs\steam-scraper\lib\site-packages\scrapy\http\request\__init__.py", line 229, in _set_url
    raise TypeError(f"Request url must be str, got {type(url).__name__}")
TypeError: Request url must be str, got NoneType
2026-01-23 02:42:21 [scrapy.core.scraper] ERROR: Spider error processing <GET https://store.steampowered.com/agecheck/app/2058190/?snr=1_7_7_230_150_3576> (referer: https://store.steampowered.com/search/?sort_by=Released_DESC&sort_order=DESC&supportedlang=english&page=3576)
Traceback (most recent call last):
  File "C:\Users\74441\.conda\envs\steam-scraper\lib\site-packages\scrapy\utils\defer.py", line 362, in aiter_errback
    yield await it.__anext__()
  File "C:\Users\74441\.conda\envs\steam-scraper\lib\site-packages\scrapy\utils\python.py", line 395, in __anext__
    return await self.data.__anext__()
  File "C:\Users\74441\.conda\envs\steam-scraper\lib\site-packages\scrapy\utils\python.py", line 376, in _async_chain
    async for o in as_async_generator(it):
  File "C:\Users\74441\.conda\envs\steam-scraper\lib\site-packages\scrapy\utils\asyncgen.py", line 18, in as_async_generator
    async for r in it:
  File "C:\Users\74441\.conda\envs\steam-scraper\lib\site-packages\scrapy\utils\python.py", line 395, in __anext__
    return await self.data.__anext__()
  File "C:\Users\74441\.conda\envs\steam-scraper\lib\site-packages\scrapy\utils\python.py", line 376, in _async_chain
    async for o in as_async_generator(it):
  File "C:\Users\74441\.conda\envs\steam-scraper\lib\site-packages\scrapy\utils\asyncgen.py", line 18, in as_async_generator
    async for r in it:
  File "C:\Users\74441\.conda\envs\steam-scraper\lib\site-packages\scrapy\core\spidermw.py", line 182, in process_async
    async for r in iterable:
  File "C:\Users\74441\.conda\envs\steam-scraper\lib\site-packages\scrapy\spidermiddlewares\base.py", line 65, in process_spider_output_async
    async for o in result:
  File "C:\Users\74441\.conda\envs\steam-scraper\lib\site-packages\scrapy\core\spidermw.py", line 182, in process_async
    async for r in iterable:
  File "C:\Users\74441\.conda\envs\steam-scraper\lib\site-packages\scrapy\spidermiddlewares\base.py", line 65, in process_spider_output_async
    async for o in result:
  File "C:\Users\74441\.conda\envs\steam-scraper\lib\site-packages\scrapy\core\spidermw.py", line 182, in process_async
    async for r in iterable:
  File "C:\Users\74441\.conda\envs\steam-scraper\lib\site-packages\scrapy\spidermiddlewares\base.py", line 65, in process_spider_output_async
    async for o in result:
  File "C:\Users\74441\.conda\envs\steam-scraper\lib\site-packages\scrapy\core\spidermw.py", line 182, in process_async
    async for r in iterable:
  File "C:\Users\74441\.conda\envs\steam-scraper\lib\site-packages\scrapy\spidermiddlewares\depth.py", line 65, in process_spider_output_async
    async for o in super().process_spider_output_async(response, result, spider):
  File "C:\Users\74441\.conda\envs\steam-scraper\lib\site-packages\scrapy\spidermiddlewares\base.py", line 65, in process_spider_output_async
    async for o in result:
  File "C:\Users\74441\.conda\envs\steam-scraper\lib\site-packages\scrapy\core\spidermw.py", line 182, in process_async
    async for r in iterable:
  File "C:\Users\74441\.conda\envs\steam-scraper\lib\site-packages\scrapy\spiders\crawl.py", line 167, in _parse_response
    for request_or_item in iterate_spider_output(cb_res):
  File "D:\Tools\steam-scraper\steam\spiders\product_spider.py", line 161, in parse_product
    yield FormRequest(
  File "C:\Users\74441\.conda\envs\steam-scraper\lib\site-packages\scrapy\http\request\form.py", line 47, in __init__
    super().__init__(*args, **kwargs)
  File "C:\Users\74441\.conda\envs\steam-scraper\lib\site-packages\scrapy\http\request\__init__.py", line 129, in __init__
    self._set_url(url)
  File "C:\Users\74441\.conda\envs\steam-scraper\lib\site-packages\scrapy\http\request\__init__.py", line 229, in _set_url
    raise TypeError(f"Request url must be str, got {type(url).__name__}")
TypeError: Request url must be str, got NoneType
2026-01-23 02:42:22 [scrapy.core.scraper] ERROR: Spider error processing <GET https://store.steampowered.com/agecheck/app/2060280/?snr=1_7_7_230_150_3576> (referer: https://store.steampowered.com/search/?sort_by=Released_DESC&sort_order=DESC&supportedlang=english&page=3576)
Traceback (most recent call last):
  File "C:\Users\74441\.conda\envs\steam-scraper\lib\site-packages\scrapy\utils\defer.py", line 362, in aiter_errback
    yield await it.__anext__()
  File "C:\Users\74441\.conda\envs\steam-scraper\lib\site-packages\scrapy\utils\python.py", line 395, in __anext__
    return await self.data.__anext__()
  File "C:\Users\74441\.conda\envs\steam-scraper\lib\site-packages\scrapy\utils\python.py", line 376, in _async_chain
    async for o in as_async_generator(it):
  File "C:\Users\74441\.conda\envs\steam-scraper\lib\site-packages\scrapy\utils\asyncgen.py", line 18, in as_async_generator
    async for r in it:
  File "C:\Users\74441\.conda\envs\steam-scraper\lib\site-packages\scrapy\utils\python.py", line 395, in __anext__
    return await self.data.__anext__()
  File "C:\Users\74441\.conda\envs\steam-scraper\lib\site-packages\scrapy\utils\python.py", line 376, in _async_chain
    async for o in as_async_generator(it):
  File "C:\Users\74441\.conda\envs\steam-scraper\lib\site-packages\scrapy\utils\asyncgen.py", line 18, in as_async_generator
    async for r in it:
  File "C:\Users\74441\.conda\envs\steam-scraper\lib\site-packages\scrapy\core\spidermw.py", line 182, in process_async
    async for r in iterable:
  File "C:\Users\74441\.conda\envs\steam-scraper\lib\site-packages\scrapy\spidermiddlewares\base.py", line 65, in process_spider_output_async
    async for o in result:
  File "C:\Users\74441\.conda\envs\steam-scraper\lib\site-packages\scrapy\core\spidermw.py", line 182, in process_async
    async for r in iterable:
  File "C:\Users\74441\.conda\envs\steam-scraper\lib\site-packages\scrapy\spidermiddlewares\base.py", line 65, in process_spider_output_async
    async for o in result:
  File "C:\Users\74441\.conda\envs\steam-scraper\lib\site-packages\scrapy\core\spidermw.py", line 182, in process_async
    async for r in iterable:
  File "C:\Users\74441\.conda\envs\steam-scraper\lib\site-packages\scrapy\spidermiddlewares\base.py", line 65, in process_spider_output_async
    async for o in result:
  File "C:\Users\74441\.conda\envs\steam-scraper\lib\site-packages\scrapy\core\spidermw.py", line 182, in process_async
    async for r in iterable:
  File "C:\Users\74441\.conda\envs\steam-scraper\lib\site-packages\scrapy\spidermiddlewares\depth.py", line 65, in process_spider_output_async
    async for o in super().process_spider_output_async(response, result, spider):
  File "C:\Users\74441\.conda\envs\steam-scraper\lib\site-packages\scrapy\spidermiddlewares\base.py", line 65, in process_spider_output_async
    async for o in result:
  File "C:\Users\74441\.conda\envs\steam-scraper\lib\site-packages\scrapy\core\spidermw.py", line 182, in process_async
    async for r in iterable:
  File "C:\Users\74441\.conda\envs\steam-scraper\lib\site-packages\scrapy\spiders\crawl.py", line 167, in _parse_response
    for request_or_item in iterate_spider_output(cb_res):
  File "D:\Tools\steam-scraper\steam\spiders\product_spider.py", line 161, in parse_product
    yield FormRequest(
  File "C:\Users\74441\.conda\envs\steam-scraper\lib\site-packages\scrapy\http\request\form.py", line 47, in __init__
    super().__init__(*args, **kwargs)
  File "C:\Users\74441\.conda\envs\steam-scraper\lib\site-packages\scrapy\http\request\__init__.py", line 129, in __init__
    self._set_url(url)
  File "C:\Users\74441\.conda\envs\steam-scraper\lib\site-packages\scrapy\http\request\__init__.py", line 229, in _set_url
    raise TypeError(f"Request url must be str, got {type(url).__name__}")
TypeError: Request url must be str, got NoneType
2026-01-23 02:42:43 [scrapy.core.scraper] ERROR: Spider error processing <GET https://store.steampowered.com/agecheck/app/1794750/?snr=1_7_7_230_150_3572> (referer: https://store.steampowered.com/search/?sort_by=Released_DESC&sort_order=DESC&supportedlang=english&page=3572)
Traceback (most recent call last):
  File "C:\Users\74441\.conda\envs\steam-scraper\lib\site-packages\scrapy\utils\defer.py", line 362, in aiter_errback
    yield await it.__anext__()
  File "C:\Users\74441\.conda\envs\steam-scraper\lib\site-packages\scrapy\utils\python.py", line 395, in __anext__
    return await self.data.__anext__()
  File "C:\Users\74441\.conda\envs\steam-scraper\lib\site-packages\scrapy\utils\python.py", line 376, in _async_chain
    async for o in as_async_generator(it):
  File "C:\Users\74441\.conda\envs\steam-scraper\lib\site-packages\scrapy\utils\asyncgen.py", line 18, in as_async_generator
    async for r in it:
  File "C:\Users\74441\.conda\envs\steam-scraper\lib\site-packages\scrapy\utils\python.py", line 395, in __anext__
    return await self.data.__anext__()
  File "C:\Users\74441\.conda\envs\steam-scraper\lib\site-packages\scrapy\utils\python.py", line 376, in _async_chain
    async for o in as_async_generator(it):
  File "C:\Users\74441\.conda\envs\steam-scraper\lib\site-packages\scrapy\utils\asyncgen.py", line 18, in as_async_generator
    async for r in it:
  File "C:\Users\74441\.conda\envs\steam-scraper\lib\site-packages\scrapy\core\spidermw.py", line 182, in process_async
    async for r in iterable:
  File "C:\Users\74441\.conda\envs\steam-scraper\lib\site-packages\scrapy\spidermiddlewares\base.py", line 65, in process_spider_output_async
    async for o in result:
  File "C:\Users\74441\.conda\envs\steam-scraper\lib\site-packages\scrapy\core\spidermw.py", line 182, in process_async
    async for r in iterable:
  File "C:\Users\74441\.conda\envs\steam-scraper\lib\site-packages\scrapy\spidermiddlewares\base.py", line 65, in process_spider_output_async
    async for o in result:
  File "C:\Users\74441\.conda\envs\steam-scraper\lib\site-packages\scrapy\core\spidermw.py", line 182, in process_async
    async for r in iterable:
  File "C:\Users\74441\.conda\envs\steam-scraper\lib\site-packages\scrapy\spidermiddlewares\base.py", line 65, in process_spider_output_async
    async for o in result:
  File "C:\Users\74441\.conda\envs\steam-scraper\lib\site-packages\scrapy\core\spidermw.py", line 182, in process_async
    async for r in iterable:
  File "C:\Users\74441\.conda\envs\steam-scraper\lib\site-packages\scrapy\spidermiddlewares\depth.py", line 65, in process_spider_output_async
    async for o in super().process_spider_output_async(response, result, spider):
  File "C:\Users\74441\.conda\envs\steam-scraper\lib\site-packages\scrapy\spidermiddlewares\base.py", line 65, in process_spider_output_async
    async for o in result:
  File "C:\Users\74441\.conda\envs\steam-scraper\lib\site-packages\scrapy\core\spidermw.py", line 182, in process_async
    async for r in iterable:
  File "C:\Users\74441\.conda\envs\steam-scraper\lib\site-packages\scrapy\spiders\crawl.py", line 167, in _parse_response
    for request_or_item in iterate_spider_output(cb_res):
  File "D:\Tools\steam-scraper\steam\spiders\product_spider.py", line 161, in parse_product
    yield FormRequest(
  File "C:\Users\74441\.conda\envs\steam-scraper\lib\site-packages\scrapy\http\request\form.py", line 47, in __init__
    super().__init__(*args, **kwargs)
  File "C:\Users\74441\.conda\envs\steam-scraper\lib\site-packages\scrapy\http\request\__init__.py", line 129, in __init__
    self._set_url(url)
  File "C:\Users\74441\.conda\envs\steam-scraper\lib\site-packages\scrapy\http\request\__init__.py", line 229, in _set_url
    raise TypeError(f"Request url must be str, got {type(url).__name__}")
TypeError: Request url must be str, got NoneType
2026-01-23 02:42:48 [scrapy.extensions.logstats] INFO: Crawled 661 pages (at 80 pages/min), scraped 478 items (at 57 items/min)
2026-01-23 02:43:48 [scrapy.extensions.logstats] INFO: Crawled 739 pages (at 78 pages/min), scraped 541 items (at 63 items/min)
2026-01-23 02:44:48 [scrapy.extensions.logstats] INFO: Crawled 823 pages (at 84 pages/min), scraped 610 items (at 69 items/min)
2026-01-23 02:45:40 [scrapy.core.scraper] ERROR: Spider error processing <GET https://store.steampowered.com/agecheck/app/1862390/?snr=1_7_7_230_150_3544> (referer: https://store.steampowered.com/search/?sort_by=Released_DESC&sort_order=DESC&supportedlang=english&page=3544)
Traceback (most recent call last):
  File "C:\Users\74441\.conda\envs\steam-scraper\lib\site-packages\scrapy\utils\defer.py", line 362, in aiter_errback
    yield await it.__anext__()
  File "C:\Users\74441\.conda\envs\steam-scraper\lib\site-packages\scrapy\utils\python.py", line 395, in __anext__
    return await self.data.__anext__()
  File "C:\Users\74441\.conda\envs\steam-scraper\lib\site-packages\scrapy\utils\python.py", line 376, in _async_chain
    async for o in as_async_generator(it):
  File "C:\Users\74441\.conda\envs\steam-scraper\lib\site-packages\scrapy\utils\asyncgen.py", line 18, in as_async_generator
    async for r in it:
  File "C:\Users\74441\.conda\envs\steam-scraper\lib\site-packages\scrapy\utils\python.py", line 395, in __anext__
    return await self.data.__anext__()
  File "C:\Users\74441\.conda\envs\steam-scraper\lib\site-packages\scrapy\utils\python.py", line 376, in _async_chain
    async for o in as_async_generator(it):
  File "C:\Users\74441\.conda\envs\steam-scraper\lib\site-packages\scrapy\utils\asyncgen.py", line 18, in as_async_generator
    async for r in it:
  File "C:\Users\74441\.conda\envs\steam-scraper\lib\site-packages\scrapy\core\spidermw.py", line 182, in process_async
    async for r in iterable:
  File "C:\Users\74441\.conda\envs\steam-scraper\lib\site-packages\scrapy\spidermiddlewares\base.py", line 65, in process_spider_output_async
    async for o in result:
  File "C:\Users\74441\.conda\envs\steam-scraper\lib\site-packages\scrapy\core\spidermw.py", line 182, in process_async
    async for r in iterable:
  File "C:\Users\74441\.conda\envs\steam-scraper\lib\site-packages\scrapy\spidermiddlewares\base.py", line 65, in process_spider_output_async
    async for o in result:
  File "C:\Users\74441\.conda\envs\steam-scraper\lib\site-packages\scrapy\core\spidermw.py", line 182, in process_async
    async for r in iterable:
  File "C:\Users\74441\.conda\envs\steam-scraper\lib\site-packages\scrapy\spidermiddlewares\base.py", line 65, in process_spider_output_async
    async for o in result:
  File "C:\Users\74441\.conda\envs\steam-scraper\lib\site-packages\scrapy\core\spidermw.py", line 182, in process_async
    async for r in iterable:
  File "C:\Users\74441\.conda\envs\steam-scraper\lib\site-packages\scrapy\spidermiddlewares\depth.py", line 65, in process_spider_output_async
    async for o in super().process_spider_output_async(response, result, spider):
  File "C:\Users\74441\.conda\envs\steam-scraper\lib\site-packages\scrapy\spidermiddlewares\base.py", line 65, in process_spider_output_async
    async for o in result:
  File "C:\Users\74441\.conda\envs\steam-scraper\lib\site-packages\scrapy\core\spidermw.py", line 182, in process_async
    async for r in iterable:
  File "C:\Users\74441\.conda\envs\steam-scraper\lib\site-packages\scrapy\spiders\crawl.py", line 167, in _parse_response
    for request_or_item in iterate_spider_output(cb_res):
  File "D:\Tools\steam-scraper\steam\spiders\product_spider.py", line 161, in parse_product
    yield FormRequest(
  File "C:\Users\74441\.conda\envs\steam-scraper\lib\site-packages\scrapy\http\request\form.py", line 47, in __init__
    super().__init__(*args, **kwargs)
  File "C:\Users\74441\.conda\envs\steam-scraper\lib\site-packages\scrapy\http\request\__init__.py", line 129, in __init__
    self._set_url(url)
  File "C:\Users\74441\.conda\envs\steam-scraper\lib\site-packages\scrapy\http\request\__init__.py", line 229, in _set_url
    raise TypeError(f"Request url must be str, got {type(url).__name__}")
TypeError: Request url must be str, got NoneType
2026-01-23 02:45:41 [scrapy.core.scraper] ERROR: Spider error processing <GET https://store.steampowered.com/agecheck/app/4167810/?snr=1_7_7_230_150_102> (referer: https://store.steampowered.com/search/?sort_by=Released_DESC&sort_order=DESC&supportedlang=english&page=102)
Traceback (most recent call last):
  File "C:\Users\74441\.conda\envs\steam-scraper\lib\site-packages\scrapy\utils\defer.py", line 362, in aiter_errback
    yield await it.__anext__()
  File "C:\Users\74441\.conda\envs\steam-scraper\lib\site-packages\scrapy\utils\python.py", line 395, in __anext__
    return await self.data.__anext__()
  File "C:\Users\74441\.conda\envs\steam-scraper\lib\site-packages\scrapy\utils\python.py", line 376, in _async_chain
    async for o in as_async_generator(it):
  File "C:\Users\74441\.conda\envs\steam-scraper\lib\site-packages\scrapy\utils\asyncgen.py", line 18, in as_async_generator
    async for r in it:
  File "C:\Users\74441\.conda\envs\steam-scraper\lib\site-packages\scrapy\utils\python.py", line 395, in __anext__
    return await self.data.__anext__()
  File "C:\Users\74441\.conda\envs\steam-scraper\lib\site-packages\scrapy\utils\python.py", line 376, in _async_chain
    async for o in as_async_generator(it):
  File "C:\Users\74441\.conda\envs\steam-scraper\lib\site-packages\scrapy\utils\asyncgen.py", line 18, in as_async_generator
    async for r in it:
  File "C:\Users\74441\.conda\envs\steam-scraper\lib\site-packages\scrapy\core\spidermw.py", line 182, in process_async
    async for r in iterable:
  File "C:\Users\74441\.conda\envs\steam-scraper\lib\site-packages\scrapy\spidermiddlewares\base.py", line 65, in process_spider_output_async
    async for o in result:
  File "C:\Users\74441\.conda\envs\steam-scraper\lib\site-packages\scrapy\core\spidermw.py", line 182, in process_async
    async for r in iterable:
  File "C:\Users\74441\.conda\envs\steam-scraper\lib\site-packages\scrapy\spidermiddlewares\base.py", line 65, in process_spider_output_async
    async for o in result:
  File "C:\Users\74441\.conda\envs\steam-scraper\lib\site-packages\scrapy\core\spidermw.py", line 182, in process_async
    async for r in iterable:
  File "C:\Users\74441\.conda\envs\steam-scraper\lib\site-packages\scrapy\spidermiddlewares\base.py", line 65, in process_spider_output_async
    async for o in result:
  File "C:\Users\74441\.conda\envs\steam-scraper\lib\site-packages\scrapy\core\spidermw.py", line 182, in process_async
    async for r in iterable:
  File "C:\Users\74441\.conda\envs\steam-scraper\lib\site-packages\scrapy\spidermiddlewares\depth.py", line 65, in process_spider_output_async
    async for o in super().process_spider_output_async(response, result, spider):
  File "C:\Users\74441\.conda\envs\steam-scraper\lib\site-packages\scrapy\spidermiddlewares\base.py", line 65, in process_spider_output_async
    async for o in result:
  File "C:\Users\74441\.conda\envs\steam-scraper\lib\site-packages\scrapy\core\spidermw.py", line 182, in process_async
    async for r in iterable:
  File "C:\Users\74441\.conda\envs\steam-scraper\lib\site-packages\scrapy\spiders\crawl.py", line 167, in _parse_response
    for request_or_item in iterate_spider_output(cb_res):
  File "D:\Tools\steam-scraper\steam\spiders\product_spider.py", line 161, in parse_product
    yield FormRequest(
  File "C:\Users\74441\.conda\envs\steam-scraper\lib\site-packages\scrapy\http\request\form.py", line 47, in __init__
    super().__init__(*args, **kwargs)
  File "C:\Users\74441\.conda\envs\steam-scraper\lib\site-packages\scrapy\http\request\__init__.py", line 129, in __init__
    self._set_url(url)
  File "C:\Users\74441\.conda\envs\steam-scraper\lib\site-packages\scrapy\http\request\__init__.py", line 229, in _set_url
    raise TypeError(f"Request url must be str, got {type(url).__name__}")
TypeError: Request url must be str, got NoneType
2026-01-23 02:45:43 [scrapy.core.scraper] ERROR: Spider error processing <GET https://store.steampowered.com/agecheck/app/4167800/?snr=1_7_7_230_150_102> (referer: https://store.steampowered.com/search/?sort_by=Released_DESC&sort_order=DESC&supportedlang=english&page=102)
Traceback (most recent call last):
  File "C:\Users\74441\.conda\envs\steam-scraper\lib\site-packages\scrapy\utils\defer.py", line 362, in aiter_errback
    yield await it.__anext__()
  File "C:\Users\74441\.conda\envs\steam-scraper\lib\site-packages\scrapy\utils\python.py", line 395, in __anext__
    return await self.data.__anext__()
  File "C:\Users\74441\.conda\envs\steam-scraper\lib\site-packages\scrapy\utils\python.py", line 376, in _async_chain
    async for o in as_async_generator(it):
  File "C:\Users\74441\.conda\envs\steam-scraper\lib\site-packages\scrapy\utils\asyncgen.py", line 18, in as_async_generator
    async for r in it:
  File "C:\Users\74441\.conda\envs\steam-scraper\lib\site-packages\scrapy\utils\python.py", line 395, in __anext__
    return await self.data.__anext__()
  File "C:\Users\74441\.conda\envs\steam-scraper\lib\site-packages\scrapy\utils\python.py", line 376, in _async_chain
    async for o in as_async_generator(it):
  File "C:\Users\74441\.conda\envs\steam-scraper\lib\site-packages\scrapy\utils\asyncgen.py", line 18, in as_async_generator
    async for r in it:
  File "C:\Users\74441\.conda\envs\steam-scraper\lib\site-packages\scrapy\core\spidermw.py", line 182, in process_async
    async for r in iterable:
  File "C:\Users\74441\.conda\envs\steam-scraper\lib\site-packages\scrapy\spidermiddlewares\base.py", line 65, in process_spider_output_async
    async for o in result:
  File "C:\Users\74441\.conda\envs\steam-scraper\lib\site-packages\scrapy\core\spidermw.py", line 182, in process_async
    async for r in iterable:
  File "C:\Users\74441\.conda\envs\steam-scraper\lib\site-packages\scrapy\spidermiddlewares\base.py", line 65, in process_spider_output_async
    async for o in result:
  File "C:\Users\74441\.conda\envs\steam-scraper\lib\site-packages\scrapy\core\spidermw.py", line 182, in process_async
    async for r in iterable:
  File "C:\Users\74441\.conda\envs\steam-scraper\lib\site-packages\scrapy\spidermiddlewares\base.py", line 65, in process_spider_output_async
    async for o in result:
  File "C:\Users\74441\.conda\envs\steam-scraper\lib\site-packages\scrapy\core\spidermw.py", line 182, in process_async
    async for r in iterable:
  File "C:\Users\74441\.conda\envs\steam-scraper\lib\site-packages\scrapy\spidermiddlewares\depth.py", line 65, in process_spider_output_async
    async for o in super().process_spider_output_async(response, result, spider):
  File "C:\Users\74441\.conda\envs\steam-scraper\lib\site-packages\scrapy\spidermiddlewares\base.py", line 65, in process_spider_output_async
    async for o in result:
  File "C:\Users\74441\.conda\envs\steam-scraper\lib\site-packages\scrapy\core\spidermw.py", line 182, in process_async
    async for r in iterable:
  File "C:\Users\74441\.conda\envs\steam-scraper\lib\site-packages\scrapy\spiders\crawl.py", line 167, in _parse_response
    for request_or_item in iterate_spider_output(cb_res):
  File "D:\Tools\steam-scraper\steam\spiders\product_spider.py", line 161, in parse_product
    yield FormRequest(
  File "C:\Users\74441\.conda\envs\steam-scraper\lib\site-packages\scrapy\http\request\form.py", line 47, in __init__
    super().__init__(*args, **kwargs)
  File "C:\Users\74441\.conda\envs\steam-scraper\lib\site-packages\scrapy\http\request\__init__.py", line 129, in __init__
    self._set_url(url)
  File "C:\Users\74441\.conda\envs\steam-scraper\lib\site-packages\scrapy\http\request\__init__.py", line 229, in _set_url
    raise TypeError(f"Request url must be str, got {type(url).__name__}")
TypeError: Request url must be str, got NoneType
2026-01-23 02:45:48 [scrapy.extensions.logstats] INFO: Crawled 904 pages (at 81 pages/min), scraped 672 items (at 62 items/min)
2026-01-23 02:46:48 [scrapy.extensions.logstats] INFO: Crawled 976 pages (at 72 pages/min), scraped 732 items (at 60 items/min)
2026-01-23 02:47:48 [scrapy.extensions.logstats] INFO: Crawled 1044 pages (at 68 pages/min), scraped 788 items (at 56 items/min)
